<?xml version="1.0" encoding="UTF-8"?>
<!-- Generated by org.testng.reporters.JUnitReportReporter -->
<testsuite hostname="DESKTOP-1I7T66E" failures="0" tests="4" name="casestudy255.Testng5" time="20.888" errors="0" timestamp="30 Oct 2022 16:09:36 GMT">
  <testcase classname="casestudy255.Testng5" name="testcase4" time="5.387"/>
  <testcase classname="casestudy255.Testng5" name="testcase1" time="3.858"/>
  <testcase classname="casestudy255.Testng5" name="testcase2" time="1.246"/>
  <testcase classname="casestudy255.Testng5" name="testcase3" time="10.397"/>
</testsuite> <!-- casestudy255.Testng5 -->
